This file contains any messages produced by compilers while
running configure, to aid debugging if configure makes a mistake.

It was created by configure, which was
generated by GNU Autoconf 2.61.  Invocation command line was

  $ ./configure --enable-maintainer-mode

## --------- ##
## Platform. ##
## --------- ##

hostname = gt-desktop
uname -m = i686
uname -r = 2.6.24-21-generic
uname -s = Linux
uname -v = #1 SMP Tue Oct 21 23:43:45 UTC 2008

/usr/bin/uname -p = unknown
/bin/uname -X     = unknown

/bin/arch              = unknown
/usr/bin/arch -k       = unknown
/usr/convex/getsysinfo = unknown
/usr/bin/hostinfo      = unknown
/bin/machine           = unknown
/usr/bin/oslevel       = unknown
/bin/universe          = unknown

PATH: /usr/local/sbin
PATH: /usr/local/bin
PATH: /usr/sbin
PATH: /usr/bin
PATH: /sbin
PATH: /bin
PATH: /usr/games


## ----------- ##
## Core tests. ##
## ----------- ##

configure:1791: checking for a BSD-compatible install
configure:1847: result: /usr/bin/install -c
configure:1858: checking whether build environment is sane
configure:1901: result: yes
configure:1966: checking for gawk
configure:1982: found /usr/bin/gawk
configure:1993: result: gawk
configure:2004: checking whether make sets $(MAKE)
configure:2025: result: yes
configure:2211: checking whether to enable maintainer-specific portions of Makefiles
configure:2220: result: yes
configure:2248: checking for style of include used by make
configure:2276: result: GNU
configure:2349: checking for gcc
configure:2365: found /usr/bin/gcc
configure:2376: result: gcc
configure:2614: checking for C compiler version
configure:2621: gcc --version >&5
gcc (GCC) 4.2.4 (Ubuntu 4.2.4-1ubuntu3)
Copyright (C) 2007 Free Software Foundation, Inc.
This is free software; see the source for copying conditions.  There is NO
warranty; not even for MERCHANTABILITY or FITNESS FOR A PARTICULAR PURPOSE.

configure:2624: $? = 0
configure:2631: gcc -v >&5
Using built-in specs.
Target: i486-linux-gnu
Configured with: ../src/configure -v --enable-languages=c,c++,fortran,objc,obj-c++,treelang --prefix=/usr --enable-shared --with-system-zlib --libexecdir=/usr/lib --without-included-gettext --enable-threads=posix --enable-nls --with-gxx-include-dir=/usr/include/c++/4.2 --program-suffix=-4.2 --enable-clocale=gnu --enable-libstdcxx-debug --enable-objc-gc --enable-mpfr --enable-targets=all --enable-checking=release --build=i486-linux-gnu --host=i486-linux-gnu --target=i486-linux-gnu
Thread model: posix
gcc version 4.2.4 (Ubuntu 4.2.4-1ubuntu3)
configure:2634: $? = 0
configure:2641: gcc -V >&5
gcc: '-V' option must have argument
configure:2644: $? = 1
configure:2667: checking for C compiler default output file name
configure:2694: gcc    conftest.c  >&5
configure:2697: $? = 0
configure:2735: result: a.out
configure:2752: checking whether the C compiler works
configure:2762: ./a.out
configure:2765: $? = 0
configure:2782: result: yes
configure:2789: checking whether we are cross compiling
configure:2791: result: no
configure:2794: checking for suffix of executables
configure:2801: gcc -o conftest    conftest.c  >&5
configure:2804: $? = 0
configure:2828: result: 
configure:2834: checking for suffix of object files
configure:2860: gcc -c   conftest.c >&5
configure:2863: $? = 0
configure:2886: result: o
configure:2890: checking whether we are using the GNU C compiler
configure:2919: gcc -c   conftest.c >&5
configure:2925: $? = 0
configure:2942: result: yes
configure:2947: checking whether gcc accepts -g
configure:2977: gcc -c -g  conftest.c >&5
configure:2983: $? = 0
configure:3082: result: yes
configure:3099: checking for gcc option to accept ISO C89
configure:3173: gcc  -c -g -O2  conftest.c >&5
configure:3179: $? = 0
configure:3202: result: none needed
configure:3222: checking dependency style of gcc
configure:3312: result: gcc3
configure:3330: checking for library containing strerror
configure:3371: gcc -o conftest -g -O2   conftest.c  >&5
configure:3377: $? = 0
configure:3405: result: none required
configure:3461: checking for gcc
configure:3488: result: gcc
configure:3726: checking for C compiler version
configure:3733: gcc --version >&5
gcc (GCC) 4.2.4 (Ubuntu 4.2.4-1ubuntu3)
Copyright (C) 2007 Free Software Foundation, Inc.
This is free software; see the source for copying conditions.  There is NO
warranty; not even for MERCHANTABILITY or FITNESS FOR A PARTICULAR PURPOSE.

configure:3736: $? = 0
configure:3743: gcc -v >&5
Using built-in specs.
Target: i486-linux-gnu
Configured with: ../src/configure -v --enable-languages=c,c++,fortran,objc,obj-c++,treelang --prefix=/usr --enable-shared --with-system-zlib --libexecdir=/usr/lib --without-included-gettext --enable-threads=posix --enable-nls --with-gxx-include-dir=/usr/include/c++/4.2 --program-suffix=-4.2 --enable-clocale=gnu --enable-libstdcxx-debug --enable-objc-gc --enable-mpfr --enable-targets=all --enable-checking=release --build=i486-linux-gnu --host=i486-linux-gnu --target=i486-linux-gnu
Thread model: posix
gcc version 4.2.4 (Ubuntu 4.2.4-1ubuntu3)
configure:3746: $? = 0
configure:3753: gcc -V >&5
gcc: '-V' option must have argument
configure:3756: $? = 1
configure:3759: checking whether we are using the GNU C compiler
configure:3811: result: yes
configure:3816: checking whether gcc accepts -g
configure:3951: result: yes
configure:3968: checking for gcc option to accept ISO C89
configure:4071: result: none needed
configure:4091: checking dependency style of gcc
configure:4181: result: gcc3
configure:4246: checking for gcc
configure:4273: result: gcc
configure:4511: checking for C compiler version
configure:4518: gcc --version >&5
gcc (GCC) 4.2.4 (Ubuntu 4.2.4-1ubuntu3)
Copyright (C) 2007 Free Software Foundation, Inc.
This is free software; see the source for copying conditions.  There is NO
warranty; not even for MERCHANTABILITY or FITNESS FOR A PARTICULAR PURPOSE.

configure:4521: $? = 0
configure:4528: gcc -v >&5
Using built-in specs.
Target: i486-linux-gnu
Configured with: ../src/configure -v --enable-languages=c,c++,fortran,objc,obj-c++,treelang --prefix=/usr --enable-shared --with-system-zlib --libexecdir=/usr/lib --without-included-gettext --enable-threads=posix --enable-nls --with-gxx-include-dir=/usr/include/c++/4.2 --program-suffix=-4.2 --enable-clocale=gnu --enable-libstdcxx-debug --enable-objc-gc --enable-mpfr --enable-targets=all --enable-checking=release --build=i486-linux-gnu --host=i486-linux-gnu --target=i486-linux-gnu
Thread model: posix
gcc version 4.2.4 (Ubuntu 4.2.4-1ubuntu3)
configure:4531: $? = 0
configure:4538: gcc -V >&5
gcc: '-V' option must have argument
configure:4541: $? = 1
configure:4544: checking whether we are using the GNU C compiler
configure:4596: result: yes
configure:4601: checking whether gcc accepts -g
configure:4736: result: yes
configure:4753: checking for gcc option to accept ISO C89
configure:4856: result: none needed
configure:4876: checking dependency style of gcc
configure:4966: result: gcc3
configure:4991: checking how to run the C preprocessor
configure:5031: gcc -E  conftest.c
configure:5037: $? = 0
configure:5068: gcc -E  conftest.c
conftest.c:10:28: error: ac_nonexistent.h: No such file or directory
configure:5074: $? = 1
configure: failed program was:
| /* confdefs.h.  */
| #define PACKAGE_NAME ""
| #define PACKAGE_TARNAME ""
| #define PACKAGE_VERSION ""
| #define PACKAGE_STRING ""
| #define PACKAGE_BUGREPORT ""
| #define PACKAGE "fantasy"
| #define VERSION "0.1"
| /* end confdefs.h.  */
| #include <ac_nonexistent.h>
configure:5107: result: gcc -E
configure:5136: gcc -E  conftest.c
configure:5142: $? = 0
configure:5173: gcc -E  conftest.c
conftest.c:10:28: error: ac_nonexistent.h: No such file or directory
configure:5179: $? = 1
configure: failed program was:
| /* confdefs.h.  */
| #define PACKAGE_NAME ""
| #define PACKAGE_TARNAME ""
| #define PACKAGE_VERSION ""
| #define PACKAGE_STRING ""
| #define PACKAGE_BUGREPORT ""
| #define PACKAGE "fantasy"
| #define VERSION "0.1"
| /* end confdefs.h.  */
| #include <ac_nonexistent.h>
configure:5217: checking for grep that handles long lines and -e
configure:5291: result: /bin/grep
configure:5296: checking for egrep
configure:5374: result: /bin/grep -E
configure:5379: checking for ANSI C header files
configure:5409: gcc -c -g -O2  conftest.c >&5
configure:5415: $? = 0
configure:5514: gcc -o conftest -g -O2   conftest.c  >&5
configure:5517: $? = 0
configure:5523: ./conftest
configure:5526: $? = 0
configure:5543: result: yes
configure:5604: checking for pkg-config
configure:5622: found /usr/bin/pkg-config
configure:5634: result: /usr/bin/pkg-config
configure:5663: checking pkg-config is at least version 0.9.0
configure:5666: result: yes
configure:5677: checking for PACKAGE
configure:5685: $PKG_CONFIG --exists --print-errors "$pkg_modules"
configure:5688: $? = 0
configure:5703: $PKG_CONFIG --exists --print-errors "$pkg_modules"
configure:5706: $? = 0
configure:5782: result: yes
configure:5812: checking for sys/types.h
configure:5833: gcc -c -g -O2  conftest.c >&5
configure:5839: $? = 0
configure:5855: result: yes
configure:5812: checking for sys/stat.h
configure:5833: gcc -c -g -O2  conftest.c >&5
configure:5839: $? = 0
configure:5855: result: yes
configure:5812: checking for stdlib.h
configure:5833: gcc -c -g -O2  conftest.c >&5
configure:5839: $? = 0
configure:5855: result: yes
configure:5812: checking for string.h
configure:5833: gcc -c -g -O2  conftest.c >&5
configure:5839: $? = 0
configure:5855: result: yes
configure:5812: checking for memory.h
configure:5833: gcc -c -g -O2  conftest.c >&5
configure:5839: $? = 0
configure:5855: result: yes
configure:5812: checking for strings.h
configure:5833: gcc -c -g -O2  conftest.c >&5
configure:5839: $? = 0
configure:5855: result: yes
configure:5812: checking for inttypes.h
configure:5833: gcc -c -g -O2  conftest.c >&5
configure:5839: $? = 0
configure:5855: result: yes
configure:5812: checking for stdint.h
configure:5833: gcc -c -g -O2  conftest.c >&5
configure:5839: $? = 0
configure:5855: result: yes
configure:5812: checking for unistd.h
configure:5833: gcc -c -g -O2  conftest.c >&5
configure:5839: $? = 0
configure:5855: result: yes
configure:5883: checking locale.h usability
configure:5900: gcc -c -g -O2  conftest.c >&5
configure:5906: $? = 0
configure:5920: result: yes
configure:5924: checking locale.h presence
configure:5939: gcc -E  conftest.c
configure:5945: $? = 0
configure:5959: result: yes
configure:5987: checking for locale.h
configure:5995: result: yes
configure:6009: checking for LC_MESSAGES
configure:6035: gcc -o conftest -g -O2   conftest.c  >&5
configure:6041: $? = 0
configure:6058: result: yes
configure:6087: checking libintl.h usability
configure:6104: gcc -c -g -O2  conftest.c >&5
configure:6110: $? = 0
configure:6124: result: yes
configure:6128: checking libintl.h presence
configure:6143: gcc -E  conftest.c
configure:6149: $? = 0
configure:6163: result: yes
configure:6191: checking for libintl.h
configure:6198: result: yes
configure:6209: checking for ngettext in libc
configure:6237: gcc -o conftest -g -O2   conftest.c  >&5
configure:6243: $? = 0
configure:6261: result: yes
configure:6265: checking for dgettext in libc
configure:6293: gcc -o conftest -g -O2   conftest.c  >&5
configure:6299: $? = 0
configure:6317: result: yes
configure:6326: checking for bind_textdomain_codeset
configure:6382: gcc -o conftest -g -O2   conftest.c  >&5
configure:6388: $? = 0
configure:6406: result: yes
configure:6893: checking for msgfmt
configure:6920: result: /usr/bin/msgfmt
configure:6933: checking for dcgettext
configure:6989: gcc -o conftest -g -O2   conftest.c   >&5
conftest.c:48: warning: conflicting types for built-in function 'dcgettext'
configure:6995: $? = 0
configure:7013: result: yes
configure:7024: checking if msgfmt accepts -c
configure:7039: $MSGFMT -c -o /dev/null conftest.foo
configure:7042: $? = 0
configure:7044: result: yes
configure:7054: checking for gmsgfmt
configure:7085: result: /usr/bin/msgfmt
configure:7095: checking for xgettext
configure:7122: result: /usr/bin/xgettext
configure:7151: gcc -o conftest -g -O2   conftest.c   >&5
configure:7157: $? = 0
configure:7521: creating ./config.status

## ---------------------- ##
## Running config.status. ##
## ---------------------- ##

This file was extended by config.status, which was
generated by GNU Autoconf 2.61.  Invocation command line was

  CONFIG_FILES    = 
  CONFIG_HEADERS  = 
  CONFIG_LINKS    = 
  CONFIG_COMMANDS = 
  $ ./config.status 

on gt-desktop

config.status:663: creating Makefile
config.status:663: creating src/Makefile
config.status:663: creating po/Makefile.in
config.status:663: creating config.h
config.status:936: executing depfiles commands
config.status:936: executing default-1 commands

## ---------------- ##
## Cache variables. ##
## ---------------- ##

ac_cv_c_compiler_gnu=yes
ac_cv_env_CC_set=
ac_cv_env_CC_value=
ac_cv_env_CFLAGS_set=
ac_cv_env_CFLAGS_value=
ac_cv_env_CPPFLAGS_set=
ac_cv_env_CPPFLAGS_value=
ac_cv_env_CPP_set=
ac_cv_env_CPP_value=
ac_cv_env_LDFLAGS_set=
ac_cv_env_LDFLAGS_value=
ac_cv_env_LIBS_set=
ac_cv_env_LIBS_value=
ac_cv_env_PACKAGE_CFLAGS_set=
ac_cv_env_PACKAGE_CFLAGS_value=
ac_cv_env_PACKAGE_LIBS_set=
ac_cv_env_PACKAGE_LIBS_value=
ac_cv_env_PKG_CONFIG_set=
ac_cv_env_PKG_CONFIG_value=
ac_cv_env_build_alias_set=
ac_cv_env_build_alias_value=
ac_cv_env_host_alias_set=
ac_cv_env_host_alias_value=
ac_cv_env_target_alias_set=
ac_cv_env_target_alias_value=
ac_cv_func_bind_textdomain_codeset=yes
ac_cv_func_dcgettext=yes
ac_cv_header_inttypes_h=yes
ac_cv_header_libintl_h=yes
ac_cv_header_locale_h=yes
ac_cv_header_memory_h=yes
ac_cv_header_stdc=yes
ac_cv_header_stdint_h=yes
ac_cv_header_stdlib_h=yes
ac_cv_header_string_h=yes
ac_cv_header_strings_h=yes
ac_cv_header_sys_stat_h=yes
ac_cv_header_sys_types_h=yes
ac_cv_header_unistd_h=yes
ac_cv_objext=o
ac_cv_path_EGREP='/bin/grep -E'
ac_cv_path_GMSGFMT=/usr/bin/msgfmt
ac_cv_path_GREP=/bin/grep
ac_cv_path_MSGFMT=/usr/bin/msgfmt
ac_cv_path_XGETTEXT=/usr/bin/xgettext
ac_cv_path_ac_pt_PKG_CONFIG=/usr/bin/pkg-config
ac_cv_path_install='/usr/bin/install -c'
ac_cv_prog_AWK=gawk
ac_cv_prog_CPP='gcc -E'
ac_cv_prog_ac_ct_CC=gcc
ac_cv_prog_cc_c89=
ac_cv_prog_cc_g=yes
ac_cv_prog_make_make_set=yes
ac_cv_search_strerror='none required'
am_cv_CC_dependencies_compiler_type=gcc3
am_cv_prog_cc_stdc=
am_cv_val_LC_MESSAGES=yes
gt_cv_func_dgettext_libc=yes
gt_cv_func_dgettext_libintl=no
gt_cv_func_ngettext_libc=yes
gt_cv_have_gettext=yes
pkg_cv_PACKAGE_CFLAGS='-I/usr/include/gtk-2.0 -I/usr/lib/gtk-2.0/include -I/usr/include/atk-1.0 -I/usr/include/cairo -I/usr/include/pango-1.0 -I/usr/include/glib-2.0 -I/usr/lib/glib-2.0/include -I/usr/include/freetype2 -I/usr/include/libpng12 -I/usr/include/pixman-1  '
pkg_cv_PACKAGE_LIBS='-lgtk-x11-2.0 -lgdk-x11-2.0 -latk-1.0 -lgdk_pixbuf-2.0 -lm -lpangocairo-1.0 -lpango-1.0 -lcairo -lgobject-2.0 -lgmodule-2.0 -ldl -lglib-2.0  '

## ----------------- ##
## Output variables. ##
## ----------------- ##

ACLOCAL='${SHELL} /home/gt/Projects/fantasy/missing --run aclocal-1.9'
AMDEPBACKSLASH='\'
AMDEP_FALSE='#'
AMDEP_TRUE=''
AMTAR='${SHELL} /home/gt/Projects/fantasy/missing --run tar'
AUTOCONF='${SHELL} /home/gt/Projects/fantasy/missing --run autoconf'
AUTOHEADER='${SHELL} /home/gt/Projects/fantasy/missing --run autoheader'
AUTOMAKE='${SHELL} /home/gt/Projects/fantasy/missing --run automake-1.9'
AWK='gawk'
CATALOGS=''
CATOBJEXT='.gmo'
CC='gcc'
CCDEPMODE='depmode=gcc3'
CFLAGS='-g -O2'
CPP='gcc -E'
CPPFLAGS=''
CYGPATH_W='echo'
DATADIRNAME='share'
DEFS='-DHAVE_CONFIG_H'
DEPDIR='.deps'
ECHO_C=''
ECHO_N='-n'
ECHO_T=''
EGREP='/bin/grep -E'
EXEEXT=''
GETTEXT_PACKAGE='fantasy'
GMOFILES=''
GMSGFMT='/usr/bin/msgfmt'
GREP='/bin/grep'
INSTALL_DATA='${INSTALL} -m 644'
INSTALL_PROGRAM='${INSTALL}'
INSTALL_SCRIPT='${INSTALL}'
INSTALL_STRIP_PROGRAM='${SHELL} $(install_sh) -c -s'
INSTOBJEXT='.mo'
INTLLIBS=''
LDFLAGS=''
LIBOBJS=''
LIBS=''
LTLIBOBJS=''
MAINT=''
MAINTAINER_MODE_FALSE='#'
MAINTAINER_MODE_TRUE=''
MAKEINFO='${SHELL} /home/gt/Projects/fantasy/missing --run makeinfo'
MKINSTALLDIRS='./mkinstalldirs'
MSGFMT='/usr/bin/msgfmt'
MSGFMT_OPTS='-c'
OBJEXT='o'
PACKAGE='fantasy'
PACKAGE_BUGREPORT=''
PACKAGE_CFLAGS='-I/usr/include/gtk-2.0 -I/usr/lib/gtk-2.0/include -I/usr/include/atk-1.0 -I/usr/include/cairo -I/usr/include/pango-1.0 -I/usr/include/glib-2.0 -I/usr/lib/glib-2.0/include -I/usr/include/freetype2 -I/usr/include/libpng12 -I/usr/include/pixman-1  '
PACKAGE_LIBS='-lgtk-x11-2.0 -lgdk-x11-2.0 -latk-1.0 -lgdk_pixbuf-2.0 -lm -lpangocairo-1.0 -lpango-1.0 -lcairo -lgobject-2.0 -lgmodule-2.0 -ldl -lglib-2.0  '
PACKAGE_NAME=''
PACKAGE_STRING=''
PACKAGE_TARNAME=''
PACKAGE_VERSION=''
PATH_SEPARATOR=':'
PKG_CONFIG='/usr/bin/pkg-config'
POFILES=''
POSUB='po'
PO_IN_DATADIR_FALSE=''
PO_IN_DATADIR_TRUE=''
SET_MAKE=''
SHELL='/bin/bash'
STRIP=''
USE_NLS='yes'
VERSION='0.1'
XGETTEXT='/usr/bin/xgettext'
ac_ct_CC='gcc'
am__fastdepCC_FALSE='#'
am__fastdepCC_TRUE=''
am__include='include'
am__leading_dot='.'
am__quote=''
am__tar='${AMTAR} chof - "$$tardir"'
am__untar='${AMTAR} xf -'
bindir='${exec_prefix}/bin'
build_alias=''
datadir='${datarootdir}'
datarootdir='${prefix}/share'
docdir='${datarootdir}/doc/${PACKAGE}'
dvidir='${docdir}'
exec_prefix='${prefix}'
host_alias=''
htmldir='${docdir}'
includedir='${prefix}/include'
infodir='${datarootdir}/info'
install_sh='/home/gt/Projects/fantasy/install-sh'
libdir='${exec_prefix}/lib'
libexecdir='${exec_prefix}/libexec'
localedir='${datarootdir}/locale'
localstatedir='${prefix}/var'
mandir='${datarootdir}/man'
mkdir_p='mkdir -p --'
oldincludedir='/usr/include'
pdfdir='${docdir}'
prefix='/usr/local'
program_transform_name='s,x,x,'
psdir='${docdir}'
sbindir='${exec_prefix}/sbin'
sharedstatedir='${prefix}/com'
sysconfdir='${prefix}/etc'
target_alias=''

## ----------- ##
## confdefs.h. ##
## ----------- ##

#define PACKAGE_NAME ""
#define PACKAGE_TARNAME ""
#define PACKAGE_VERSION ""
#define PACKAGE_STRING ""
#define PACKAGE_BUGREPORT ""
#define PACKAGE "fantasy"
#define VERSION "0.1"
#define STDC_HEADERS 1
#define GETTEXT_PACKAGE "fantasy"
#define HAVE_SYS_TYPES_H 1
#define HAVE_SYS_STAT_H 1
#define HAVE_STDLIB_H 1
#define HAVE_STRING_H 1
#define HAVE_MEMORY_H 1
#define HAVE_STRINGS_H 1
#define HAVE_INTTYPES_H 1
#define HAVE_STDINT_H 1
#define HAVE_UNISTD_H 1
#define HAVE_LOCALE_H 1
#define HAVE_LC_MESSAGES 1
#define HAVE_BIND_TEXTDOMAIN_CODESET 1
#define HAVE_GETTEXT 1
#define HAVE_DCGETTEXT 1
#define ENABLE_NLS 1

configure: exit 0
